22:03:20:348  INFO 6140 --- [main] com.winter.cart.CartApplication          : Starting CartApplication using Java 11.0.20 on DESKTOP-LR21HUC with PID 6140 (E:\JavaProjects\winter-mall\winter-mall\cart-service\target\classes started by Admin in E:\JavaProjects\winter-mall\winter-mall)
22:03:20:350  INFO 6140 --- [main] com.winter.cart.CartApplication          : The following 1 profile is active: "dev"
22:03:20:888  INFO 6140 --- [main] o.s.b.w.embedded.tomcat.TomcatWebServer  : Tomcat initialized with port(s): 8082 (http)
22:03:20:897  INFO 6140 --- [main] o.apache.catalina.core.StandardService   : Starting service [Tomcat]
22:03:20:898  INFO 6140 --- [main] org.apache.catalina.core.StandardEngine  : Starting Servlet engine: [Apache Tomcat/9.0.75]
22:03:20:940  INFO 6140 --- [main] o.a.c.c.C.[Tomcat].[localhost].[/]       : Initializing Spring embedded WebApplicationContext
22:03:20:941  INFO 6140 --- [main] w.s.c.ServletWebServerApplicationContext : Root WebApplicationContext: initialization completed in 566 ms
22:03:21:458  INFO 6140 --- [main] pertySourcedRequestMappingHandlerMapping : Mapped URL path [/v2/api-docs] onto method [springfox.documentation.swagger2.web.Swagger2ControllerWebMvc#getDocumentation(String, HttpServletRequest)]
22:03:21:495  INFO 6140 --- [main] o.s.b.w.embedded.tomcat.TomcatWebServer  : Tomcat started on port(s): 8082 (http) with context path ''
22:03:21:496  INFO 6140 --- [main] d.s.w.p.DocumentationPluginsBootstrapper : Documentation plugins bootstrapped
22:03:21:497  INFO 6140 --- [main] d.s.w.p.DocumentationPluginsBootstrapper : Found 1 custom documentation plugin(s)
22:03:21:510  INFO 6140 --- [main] s.d.s.w.s.ApiListingReferenceScanner     : Scanning for api listing references
22:03:21:568  INFO 6140 --- [main] com.winter.cart.CartApplication          : Started CartApplication in 1.494 seconds (JVM running for 1.98)
22:03:50:378  INFO 6140 --- [http-nio-8082-exec-1] o.a.c.c.C.[Tomcat].[localhost].[/]       : Initializing Spring DispatcherServlet 'dispatcherServlet'
22:03:50:378  INFO 6140 --- [http-nio-8082-exec-1] o.s.web.servlet.DispatcherServlet        : Initializing Servlet 'dispatcherServlet'
22:03:50:378  INFO 6140 --- [http-nio-8082-exec-1] o.s.web.servlet.DispatcherServlet        : Completed initialization in 0 ms
22:04:01:472  INFO 6140 --- [http-nio-8082-exec-2] com.zaxxer.hikari.HikariDataSource       : HikariPool-1 - Starting...
22:04:43:274  INFO 28100 --- [main] com.winter.cart.CartApplication          : Starting CartApplication using Java 11.0.20 on DESKTOP-LR21HUC with PID 28100 (E:\JavaProjects\winter-mall\winter-mall\cart-service\target\classes started by Admin in E:\JavaProjects\winter-mall\winter-mall)
22:04:43:275  INFO 28100 --- [main] com.winter.cart.CartApplication          : The following 1 profile is active: "local"
22:04:43:759  INFO 28100 --- [main] o.s.b.w.embedded.tomcat.TomcatWebServer  : Tomcat initialized with port(s): 8082 (http)
22:04:43:768  INFO 28100 --- [main] o.apache.catalina.core.StandardService   : Starting service [Tomcat]
22:04:43:769  INFO 28100 --- [main] org.apache.catalina.core.StandardEngine  : Starting Servlet engine: [Apache Tomcat/9.0.75]
22:04:43:811  INFO 28100 --- [main] o.a.c.c.C.[Tomcat].[localhost].[/]       : Initializing Spring embedded WebApplicationContext
22:04:43:811  INFO 28100 --- [main] w.s.c.ServletWebServerApplicationContext : Root WebApplicationContext: initialization completed in 517 ms
22:04:44:309  INFO 28100 --- [main] pertySourcedRequestMappingHandlerMapping : Mapped URL path [/v2/api-docs] onto method [springfox.documentation.swagger2.web.Swagger2ControllerWebMvc#getDocumentation(String, HttpServletRequest)]
22:04:44:366  INFO 28100 --- [main] o.s.b.w.embedded.tomcat.TomcatWebServer  : Tomcat started on port(s): 8082 (http) with context path ''
22:04:44:366  INFO 28100 --- [main] d.s.w.p.DocumentationPluginsBootstrapper : Documentation plugins bootstrapped
22:04:44:368  INFO 28100 --- [main] d.s.w.p.DocumentationPluginsBootstrapper : Found 1 custom documentation plugin(s)
22:04:44:383  INFO 28100 --- [main] s.d.s.w.s.ApiListingReferenceScanner     : Scanning for api listing references
22:04:44:460  INFO 28100 --- [main] com.winter.cart.CartApplication          : Started CartApplication in 1.395 seconds (JVM running for 1.826)
22:04:50:246  INFO 28100 --- [http-nio-8082-exec-1] o.a.c.c.C.[Tomcat].[localhost].[/]       : Initializing Spring DispatcherServlet 'dispatcherServlet'
22:04:50:246  INFO 28100 --- [http-nio-8082-exec-1] o.s.web.servlet.DispatcherServlet        : Initializing Servlet 'dispatcherServlet'
22:04:50:247  INFO 28100 --- [http-nio-8082-exec-1] o.s.web.servlet.DispatcherServlet        : Completed initialization in 1 ms
22:04:54:197  INFO 28100 --- [http-nio-8082-exec-4] com.zaxxer.hikari.HikariDataSource       : HikariPool-1 - Starting...
22:04:54:564  INFO 28100 --- [http-nio-8082-exec-4] com.zaxxer.hikari.HikariDataSource       : HikariPool-1 - Start completed.
23:08:01:952  INFO 28100 --- [SpringApplicationShutdownHook] com.zaxxer.hikari.HikariDataSource       : HikariPool-1 - Shutdown initiated...
23:08:01:959  INFO 28100 --- [SpringApplicationShutdownHook] com.zaxxer.hikari.HikariDataSource       : HikariPool-1 - Shutdown completed.
23:08:06:192  INFO 25740 --- [main] com.winter.cart.CartApplication          : Starting CartApplication using Java 11.0.20 on DESKTOP-LR21HUC with PID 25740 (E:\JavaProjects\winter-mall\winter-mall\cart-service\target\classes started by Admin in E:\JavaProjects\winter-mall\winter-mall)
23:08:06:194  INFO 25740 --- [main] com.winter.cart.CartApplication          : The following 1 profile is active: "local"
23:08:06:852  INFO 25740 --- [main] o.s.b.w.embedded.tomcat.TomcatWebServer  : Tomcat initialized with port(s): 8082 (http)
23:08:06:856  INFO 25740 --- [main] o.apache.catalina.core.StandardService   : Starting service [Tomcat]
23:08:06:856  INFO 25740 --- [main] org.apache.catalina.core.StandardEngine  : Starting Servlet engine: [Apache Tomcat/9.0.75]
23:08:06:897  INFO 25740 --- [main] o.a.c.c.C.[Tomcat].[localhost].[/]       : Initializing Spring embedded WebApplicationContext
23:08:06:897  INFO 25740 --- [main] w.s.c.ServletWebServerApplicationContext : Root WebApplicationContext: initialization completed in 678 ms
23:08:07:590  INFO 25740 --- [main] pertySourcedRequestMappingHandlerMapping : Mapped URL path [/v2/api-docs] onto method [springfox.documentation.swagger2.web.Swagger2ControllerWebMvc#getDocumentation(String, HttpServletRequest)]
23:08:07:641  INFO 25740 --- [main] o.s.b.w.embedded.tomcat.TomcatWebServer  : Tomcat started on port(s): 8082 (http) with context path ''
23:08:07:642  INFO 25740 --- [main] d.s.w.p.DocumentationPluginsBootstrapper : Documentation plugins bootstrapped
23:08:07:643  INFO 25740 --- [main] d.s.w.p.DocumentationPluginsBootstrapper : Found 1 custom documentation plugin(s)
23:08:07:658  INFO 25740 --- [main] s.d.s.w.s.ApiListingReferenceScanner     : Scanning for api listing references
23:08:07:723  INFO 25740 --- [main] com.winter.cart.CartApplication          : Started CartApplication in 1.808 seconds (JVM running for 2.241)
23:08:20:454  INFO 25740 --- [http-nio-8082-exec-1] o.a.c.c.C.[Tomcat].[localhost].[/]       : Initializing Spring DispatcherServlet 'dispatcherServlet'
23:08:20:455  INFO 25740 --- [http-nio-8082-exec-1] o.s.web.servlet.DispatcherServlet        : Initializing Servlet 'dispatcherServlet'
23:08:20:455  INFO 25740 --- [http-nio-8082-exec-1] o.s.web.servlet.DispatcherServlet        : Completed initialization in 0 ms
23:08:25:592  INFO 25740 --- [http-nio-8082-exec-4] com.zaxxer.hikari.HikariDataSource       : HikariPool-1 - Starting...
23:08:26:085  INFO 25740 --- [http-nio-8082-exec-4] com.zaxxer.hikari.HikariDataSource       : HikariPool-1 - Start completed.
23:09:52:862  INFO 25740 --- [SpringApplicationShutdownHook] com.zaxxer.hikari.HikariDataSource       : HikariPool-1 - Shutdown initiated...
23:09:52:869  INFO 25740 --- [SpringApplicationShutdownHook] com.zaxxer.hikari.HikariDataSource       : HikariPool-1 - Shutdown completed.
23:09:55:492  INFO 1300 --- [main] com.winter.cart.CartApplication          : Starting CartApplication using Java 11.0.20 on DESKTOP-LR21HUC with PID 1300 (E:\JavaProjects\winter-mall\winter-mall\cart-service\target\classes started by Admin in E:\JavaProjects\winter-mall\winter-mall)
23:09:55:493 DEBUG 1300 --- [main] com.winter.cart.CartApplication          : Running with Spring Boot v2.7.12, Spring v5.3.27
23:09:55:494  INFO 1300 --- [main] com.winter.cart.CartApplication          : The following 1 profile is active: "local"
23:09:56:242  INFO 1300 --- [main] o.s.b.w.embedded.tomcat.TomcatWebServer  : Tomcat initialized with port(s): 8082 (http)
23:09:56:250  INFO 1300 --- [main] o.apache.catalina.core.StandardService   : Starting service [Tomcat]
23:09:56:250  INFO 1300 --- [main] org.apache.catalina.core.StandardEngine  : Starting Servlet engine: [Apache Tomcat/9.0.75]
23:09:56:302  INFO 1300 --- [main] o.a.c.c.C.[Tomcat].[localhost].[/]       : Initializing Spring embedded WebApplicationContext
23:09:56:302  INFO 1300 --- [main] w.s.c.ServletWebServerApplicationContext : Root WebApplicationContext: initialization completed in 788 ms
23:09:57:003  INFO 1300 --- [main] pertySourcedRequestMappingHandlerMapping : Mapped URL path [/v2/api-docs] onto method [springfox.documentation.swagger2.web.Swagger2ControllerWebMvc#getDocumentation(String, HttpServletRequest)]
23:09:57:065  INFO 1300 --- [main] o.s.b.w.embedded.tomcat.TomcatWebServer  : Tomcat started on port(s): 8082 (http) with context path ''
23:09:57:066  INFO 1300 --- [main] d.s.w.p.DocumentationPluginsBootstrapper : Documentation plugins bootstrapped
23:09:57:068  INFO 1300 --- [main] d.s.w.p.DocumentationPluginsBootstrapper : Found 1 custom documentation plugin(s)
23:09:57:082  INFO 1300 --- [main] s.d.s.w.s.ApiListingReferenceScanner     : Scanning for api listing references
23:09:57:162  INFO 1300 --- [main] com.winter.cart.CartApplication          : Started CartApplication in 1.88 seconds (JVM running for 2.31)
23:10:16:563  INFO 1300 --- [http-nio-8082-exec-1] o.a.c.c.C.[Tomcat].[localhost].[/]       : Initializing Spring DispatcherServlet 'dispatcherServlet'
23:10:16:564  INFO 1300 --- [http-nio-8082-exec-1] o.s.web.servlet.DispatcherServlet        : Initializing Servlet 'dispatcherServlet'
23:10:16:565  INFO 1300 --- [http-nio-8082-exec-1] o.s.web.servlet.DispatcherServlet        : Completed initialization in 1 ms
23:10:16:615  INFO 1300 --- [http-nio-8082-exec-1] com.zaxxer.hikari.HikariDataSource       : HikariPool-1 - Starting...
23:10:16:744  INFO 1300 --- [http-nio-8082-exec-1] com.zaxxer.hikari.HikariDataSource       : HikariPool-1 - Start completed.
23:10:16:750 DEBUG 1300 --- [http-nio-8082-exec-1] c.w.cart.mapper.CartMapper.selectList    : ==>  Preparing: SELECT id,user_id,item_id,num,name,spec,price,image,create_time,update_time FROM cart WHERE (user_id = ?)
23:10:16:759 DEBUG 1300 --- [http-nio-8082-exec-1] c.w.cart.mapper.CartMapper.selectList    : ==> Parameters: 1(Long)
23:10:16:773 DEBUG 1300 --- [http-nio-8082-exec-1] c.w.cart.mapper.CartMapper.selectList    : <==      Total: 1
23:22:28:043  INFO 1300 --- [SpringApplicationShutdownHook] com.zaxxer.hikari.HikariDataSource       : HikariPool-1 - Shutdown initiated...
23:22:28:051  INFO 1300 --- [SpringApplicationShutdownHook] com.zaxxer.hikari.HikariDataSource       : HikariPool-1 - Shutdown completed.
23:22:31:692  INFO 6676 --- [main] com.winter.cart.CartApplication          : Starting CartApplication using Java 11.0.20 on DESKTOP-LR21HUC with PID 6676 (E:\JavaProjects\winter-mall\winter-mall\cart-service\target\classes started by Admin in E:\JavaProjects\winter-mall\winter-mall)
23:22:31:693 DEBUG 6676 --- [main] com.winter.cart.CartApplication          : Running with Spring Boot v2.7.12, Spring v5.3.27
23:22:31:693  INFO 6676 --- [main] com.winter.cart.CartApplication          : The following 1 profile is active: "local"
23:22:32:161  INFO 6676 --- [main] o.s.cloud.context.scope.GenericScope     : BeanFactory id=b71dbe41-59f9-3be0-999e-dc335bd6174a
23:22:32:284  INFO 6676 --- [main] o.s.b.w.embedded.tomcat.TomcatWebServer  : Tomcat initialized with port(s): 8082 (http)
23:22:32:287  INFO 6676 --- [main] o.apache.catalina.core.StandardService   : Starting service [Tomcat]
23:22:32:288  INFO 6676 --- [main] org.apache.catalina.core.StandardEngine  : Starting Servlet engine: [Apache Tomcat/9.0.75]
23:22:32:328  INFO 6676 --- [main] o.a.c.c.C.[Tomcat].[localhost].[/]       : Initializing Spring embedded WebApplicationContext
23:22:32:328  INFO 6676 --- [main] w.s.c.ServletWebServerApplicationContext : Root WebApplicationContext: initialization completed in 615 ms
23:22:33:225  INFO 6676 --- [main] pertySourcedRequestMappingHandlerMapping : Mapped URL path [/v2/api-docs] onto method [springfox.documentation.swagger2.web.Swagger2ControllerWebMvc#getDocumentation(String, HttpServletRequest)]
23:22:33:324  INFO 6676 --- [main] com.alibaba.nacos.common.remote.client   : [RpcClientFactory] create a new rpc client of a0012681-a9c7-4492-afa7-72b62c35962f
23:22:33:344  INFO 6676 --- [main] org.reflections.Reflections              : Reflections took 11 ms to scan 1 urls, producing 3 keys and 6 values 
23:22:33:356  INFO 6676 --- [main] org.reflections.Reflections              : Reflections took 6 ms to scan 1 urls, producing 4 keys and 9 values 
23:22:33:362  INFO 6676 --- [main] org.reflections.Reflections              : Reflections took 5 ms to scan 1 urls, producing 3 keys and 10 values 
23:22:33:363  WARN 6676 --- [main] org.reflections.Reflections              : given scan urls are empty. set urls in the configuration
23:22:33:368  INFO 6676 --- [main] org.reflections.Reflections              : Reflections took 4 ms to scan 1 urls, producing 1 keys and 5 values 
23:22:33:373  INFO 6676 --- [main] org.reflections.Reflections              : Reflections took 5 ms to scan 1 urls, producing 1 keys and 7 values 
23:22:33:379  INFO 6676 --- [main] org.reflections.Reflections              : Reflections took 5 ms to scan 1 urls, producing 2 keys and 8 values 
23:22:33:380  WARN 6676 --- [main] org.reflections.Reflections              : given scan urls are empty. set urls in the configuration
23:22:33:381  INFO 6676 --- [main] com.alibaba.nacos.common.remote.client   : [a0012681-a9c7-4492-afa7-72b62c35962f] RpcClient init label, labels = {module=naming, source=sdk}
23:22:33:382  INFO 6676 --- [main] com.alibaba.nacos.common.remote.client   : [a0012681-a9c7-4492-afa7-72b62c35962f] RpcClient init, ServerListFactory = com.alibaba.nacos.client.naming.core.ServerListManager
23:22:33:382  INFO 6676 --- [main] com.alibaba.nacos.common.remote.client   : [a0012681-a9c7-4492-afa7-72b62c35962f] Registry connection listener to current client:com.alibaba.nacos.client.naming.remote.gprc.redo.NamingGrpcRedoService
23:22:33:382  INFO 6676 --- [main] com.alibaba.nacos.common.remote.client   : [a0012681-a9c7-4492-afa7-72b62c35962f] Register server push request handler:com.alibaba.nacos.client.naming.remote.gprc.NamingPushRequestHandler
23:22:33:383  INFO 6676 --- [main] com.alibaba.nacos.common.remote.client   : [a0012681-a9c7-4492-afa7-72b62c35962f] Try to connect to server on start up, server: {serverIp = '192.168.15.135', server main port = 8848}
23:22:34:037  INFO 6676 --- [main] com.alibaba.nacos.common.remote.client   : [a0012681-a9c7-4492-afa7-72b62c35962f] Success to connect to server [192.168.15.135:8848] on start up, connectionId = 1702740194035_192.168.15.1_3314
23:22:34:037  INFO 6676 --- [com.alibaba.nacos.client.remote.worker] com.alibaba.nacos.common.remote.client   : [a0012681-a9c7-4492-afa7-72b62c35962f] Notify connected event to listeners.
23:22:34:038  INFO 6676 --- [main] com.alibaba.nacos.common.remote.client   : [a0012681-a9c7-4492-afa7-72b62c35962f] Register server push request handler:com.alibaba.nacos.common.remote.client.RpcClient$ConnectResetRequestHandler
23:22:34:039  INFO 6676 --- [main] com.alibaba.nacos.common.remote.client   : [a0012681-a9c7-4492-afa7-72b62c35962f] Register server push request handler:com.alibaba.nacos.common.remote.client.RpcClient$$Lambda$904/0x0000000800682840
23:22:34:071  INFO 6676 --- [main] o.s.b.w.embedded.tomcat.TomcatWebServer  : Tomcat started on port(s): 8082 (http) with context path ''
23:22:34:202  INFO 6676 --- [main] c.a.c.n.registry.NacosServiceRegistry    : nacos registry, DEFAULT_GROUP cart-service 192.168.124.7:8082 register finished
23:22:34:203  INFO 6676 --- [main] d.s.w.p.DocumentationPluginsBootstrapper : Documentation plugins bootstrapped
23:22:34:204  INFO 6676 --- [main] d.s.w.p.DocumentationPluginsBootstrapper : Found 1 custom documentation plugin(s)
23:22:34:216  INFO 6676 --- [main] s.d.s.w.s.ApiListingReferenceScanner     : Scanning for api listing references
23:22:34:263  INFO 6676 --- [main] com.winter.cart.CartApplication          : Started CartApplication in 2.981 seconds (JVM running for 3.394)
23:22:34:569  INFO 6676 --- [nacos-grpc-client-executor-9] com.alibaba.nacos.common.remote.client   : [a0012681-a9c7-4492-afa7-72b62c35962f] Receive server push request, request = NotifySubscriberRequest, requestId = 7
23:22:34:570  INFO 6676 --- [nacos-grpc-client-executor-9] com.alibaba.nacos.common.remote.client   : [a0012681-a9c7-4492-afa7-72b62c35962f] Ack server push request, request = NotifySubscriberRequest, requestId = 7
23:23:23:186  INFO 6676 --- [http-nio-8082-exec-1] o.a.c.c.C.[Tomcat].[localhost].[/]       : Initializing Spring DispatcherServlet 'dispatcherServlet'
23:23:23:186  INFO 6676 --- [http-nio-8082-exec-1] o.s.web.servlet.DispatcherServlet        : Initializing Servlet 'dispatcherServlet'
23:23:23:186  INFO 6676 --- [http-nio-8082-exec-1] o.s.web.servlet.DispatcherServlet        : Completed initialization in 0 ms
23:23:23:237  INFO 6676 --- [http-nio-8082-exec-1] com.zaxxer.hikari.HikariDataSource       : HikariPool-1 - Starting...
23:23:23:402  INFO 6676 --- [http-nio-8082-exec-1] com.zaxxer.hikari.HikariDataSource       : HikariPool-1 - Start completed.
23:23:23:405 DEBUG 6676 --- [http-nio-8082-exec-1] c.w.cart.mapper.CartMapper.selectList    : ==>  Preparing: SELECT id,user_id,item_id,num,name,spec,price,image,create_time,update_time FROM cart WHERE (user_id = ?)
23:23:23:418 DEBUG 6676 --- [http-nio-8082-exec-1] c.w.cart.mapper.CartMapper.selectList    : ==> Parameters: 1(Long)
23:23:23:429 DEBUG 6676 --- [http-nio-8082-exec-1] c.w.cart.mapper.CartMapper.selectList    : <==      Total: 1
23:23:24:060  INFO 6676 --- [nacos-grpc-client-executor-21] com.alibaba.nacos.common.remote.client   : [a0012681-a9c7-4492-afa7-72b62c35962f] Receive server push request, request = NotifySubscriberRequest, requestId = 8
23:23:24:061  INFO 6676 --- [nacos-grpc-client-executor-21] com.alibaba.nacos.common.remote.client   : [a0012681-a9c7-4492-afa7-72b62c35962f] Ack server push request, request = NotifySubscriberRequest, requestId = 8
23:23:29:977 DEBUG 6676 --- [http-nio-8082-exec-4] c.w.cart.mapper.CartMapper.selectList    : ==>  Preparing: SELECT id,user_id,item_id,num,name,spec,price,image,create_time,update_time FROM cart WHERE (user_id = ?)
23:23:29:977 DEBUG 6676 --- [http-nio-8082-exec-4] c.w.cart.mapper.CartMapper.selectList    : ==> Parameters: 1(Long)
23:23:29:980 DEBUG 6676 --- [http-nio-8082-exec-4] c.w.cart.mapper.CartMapper.selectList    : <==      Total: 1
23:23:58:005  INFO 6676 --- [nacos-grpc-client-executor-28] com.alibaba.nacos.common.remote.client   : [a0012681-a9c7-4492-afa7-72b62c35962f] Receive server push request, request = NotifySubscriberRequest, requestId = 9
23:23:58:012  INFO 6676 --- [nacos-grpc-client-executor-28] com.alibaba.nacos.common.remote.client   : [a0012681-a9c7-4492-afa7-72b62c35962f] Ack server push request, request = NotifySubscriberRequest, requestId = 9
23:24:24:451 DEBUG 6676 --- [http-nio-8082-exec-3] c.w.cart.mapper.CartMapper.selectList    : ==>  Preparing: SELECT id,user_id,item_id,num,name,spec,price,image,create_time,update_time FROM cart WHERE (user_id = ?)
23:24:24:451 DEBUG 6676 --- [http-nio-8082-exec-3] c.w.cart.mapper.CartMapper.selectList    : ==> Parameters: 1(Long)
23:24:24:453 DEBUG 6676 --- [http-nio-8082-exec-3] c.w.cart.mapper.CartMapper.selectList    : <==      Total: 1
23:24:32:118 DEBUG 6676 --- [http-nio-8082-exec-2] c.w.cart.mapper.CartMapper.selectList    : ==>  Preparing: SELECT id,user_id,item_id,num,name,spec,price,image,create_time,update_time FROM cart WHERE (user_id = ?)
23:24:32:119 DEBUG 6676 --- [http-nio-8082-exec-2] c.w.cart.mapper.CartMapper.selectList    : ==> Parameters: 1(Long)
23:24:32:120 DEBUG 6676 --- [http-nio-8082-exec-2] c.w.cart.mapper.CartMapper.selectList    : <==      Total: 1
23:24:40:889  INFO 6676 --- [nacos-grpc-client-executor-38] com.alibaba.nacos.common.remote.client   : [a0012681-a9c7-4492-afa7-72b62c35962f] Receive server push request, request = NotifySubscriberRequest, requestId = 12
23:24:40:901  INFO 6676 --- [nacos-grpc-client-executor-38] com.alibaba.nacos.common.remote.client   : [a0012681-a9c7-4492-afa7-72b62c35962f] Ack server push request, request = NotifySubscriberRequest, requestId = 12
23:24:50:144 DEBUG 6676 --- [http-nio-8082-exec-5] c.w.cart.mapper.CartMapper.selectList    : ==>  Preparing: SELECT id,user_id,item_id,num,name,spec,price,image,create_time,update_time FROM cart WHERE (user_id = ?)
23:24:50:144 DEBUG 6676 --- [http-nio-8082-exec-5] c.w.cart.mapper.CartMapper.selectList    : ==> Parameters: 1(Long)
23:24:50:147 DEBUG 6676 --- [http-nio-8082-exec-5] c.w.cart.mapper.CartMapper.selectList    : <==      Total: 1
23:24:50:448 DEBUG 6676 --- [http-nio-8082-exec-6] c.w.cart.mapper.CartMapper.selectList    : ==>  Preparing: SELECT id,user_id,item_id,num,name,spec,price,image,create_time,update_time FROM cart WHERE (user_id = ?)
23:24:50:449 DEBUG 6676 --- [http-nio-8082-exec-6] c.w.cart.mapper.CartMapper.selectList    : ==> Parameters: 1(Long)
23:24:50:451 DEBUG 6676 --- [http-nio-8082-exec-6] c.w.cart.mapper.CartMapper.selectList    : <==      Total: 1
23:24:50:650 DEBUG 6676 --- [http-nio-8082-exec-7] c.w.cart.mapper.CartMapper.selectList    : ==>  Preparing: SELECT id,user_id,item_id,num,name,spec,price,image,create_time,update_time FROM cart WHERE (user_id = ?)
23:24:50:650 DEBUG 6676 --- [http-nio-8082-exec-7] c.w.cart.mapper.CartMapper.selectList    : ==> Parameters: 1(Long)
23:24:50:652 DEBUG 6676 --- [http-nio-8082-exec-7] c.w.cart.mapper.CartMapper.selectList    : <==      Total: 1
23:48:48:188  WARN 6676 --- [Thread-7] c.a.n.common.http.HttpClientBeanHolder   : [HttpClientBeanHolder] Start destroying common HttpClient
23:48:48:189  WARN 6676 --- [Thread-7] c.a.n.common.http.HttpClientBeanHolder   : [HttpClientBeanHolder] Destruction of the end
23:48:48:191  WARN 6676 --- [Thread-4] c.a.nacos.common.notify.NotifyCenter     : [NotifyCenter] Start destroying Publisher
23:48:48:191  WARN 6676 --- [Thread-4] c.a.nacos.common.notify.NotifyCenter     : [NotifyCenter] Destruction of the end
23:48:48:468  INFO 6676 --- [SpringApplicationShutdownHook] c.a.c.n.registry.NacosServiceRegistry    : De-registering from Nacos Server now...
23:48:48:474  INFO 6676 --- [SpringApplicationShutdownHook] c.a.c.n.registry.NacosServiceRegistry    : De-registration finished.
23:48:48:793  INFO 6676 --- [SpringApplicationShutdownHook] com.alibaba.nacos.common.remote.client   : Shutdown rpc client, set status to shutdown
23:48:48:796  INFO 6676 --- [SpringApplicationShutdownHook] com.alibaba.nacos.common.remote.client   : Shutdown client event executor java.util.concurrent.ScheduledThreadPoolExecutor@4eaa7479[Running, pool size = 2, active threads = 2, queued tasks = 0, completed tasks = 0]
23:48:48:796  INFO 6676 --- [SpringApplicationShutdownHook] com.alibaba.nacos.common.remote.client   : Close current connection 1702740194035_192.168.15.1_3314
23:48:48:799  INFO 6676 --- [nacos-grpc-client-executor-335] c.a.n.c.remote.client.grpc.GrpcClient    : [1702740194035_192.168.15.1_3314]Ignore complete event,isRunning:false,isAbandon=false
23:48:48:811  INFO 6676 --- [SpringApplicationShutdownHook] c.a.n.c.remote.client.grpc.GrpcClient    : Shutdown grpc executor java.util.concurrent.ThreadPoolExecutor@714d2c43[Running, pool size = 4, active threads = 0, queued tasks = 0, completed tasks = 336]
23:48:48:840  INFO 6676 --- [SpringApplicationShutdownHook] com.zaxxer.hikari.HikariDataSource       : HikariPool-1 - Shutdown initiated...
23:48:48:871  INFO 6676 --- [SpringApplicationShutdownHook] com.zaxxer.hikari.HikariDataSource       : HikariPool-1 - Shutdown completed.
